[0m18:17:25.307936 [debug] [MainThread]: Sending event: {'category': 'dbt', 'action': 'invocation', 'label': 'start', 'context': [<snowplow_tracker.self_describing_json.SelfDescribingJson object at 0x0000022F4C231950>, <snowplow_tracker.self_describing_json.SelfDescribingJson object at 0x0000022F4ABC31D0>, <snowplow_tracker.self_describing_json.SelfDescribingJson object at 0x0000022F4C29F0D0>]}


============================== 18:17:25.316691 | 465fee3f-2909-4b1f-a6a6-b034b530e52f ==============================
[0m18:17:25.316691 [info ] [MainThread]: Running with dbt=1.10.2
[0m18:17:25.317691 [debug] [MainThread]: running dbt with arguments {'printer_width': '80', 'indirect_selection': 'eager', 'write_json': 'True', 'log_cache_events': 'False', 'partial_parse': 'True', 'cache_selected_only': 'False', 'warn_error': 'None', 'fail_fast': 'False', 'version_check': 'True', 'log_path': 'logs', 'debug': 'False', 'profiles_dir': 'C:\\Users\\Wayne Teutenberg\\.dbt', 'use_colors': 'True', 'use_experimental_parser': 'False', 'no_print': 'None', 'quiet': 'False', 'empty': 'None', 'warn_error_options': 'WarnErrorOptionsV2(error=[], warn=[], silence=[])', 'introspect': 'True', 'log_format': 'default', 'static_parser': 'True', 'target_path': 'None', 'invocation_command': 'dbt init', 'send_anonymous_usage_stats': 'True'}
[0m18:17:25.337292 [info ] [MainThread]: Creating dbt configuration folder at C:\Users\Wayne Teutenberg\.dbt
[0m18:18:26.020010 [debug] [MainThread]: Starter project path: C:\GitHub\astro_airflow_demo\.venv_dbt\Lib\site-packages\dbt\include\starter_project
[0m18:18:26.039944 [info ] [MainThread]: 
Your new dbt project "cosmos_demo" was created!

For more information on how to configure the profiles.yml file,
please consult the dbt documentation here:

  https://docs.getdbt.com/docs/configure-your-profile

One more thing:

Need help? Don't hesitate to reach out to us via GitHub issues or on Slack:

  https://community.getdbt.com/

Happy modeling!

[0m18:18:26.040946 [info ] [MainThread]: Setting up your profile.
[0m18:21:19.416074 [info ] [MainThread]: Profile cosmos_demo written to C:\Users\Wayne Teutenberg\.dbt\profiles.yml using target's profile_template.yml and your supplied values. Run 'dbt debug' to validate the connection.
[0m18:21:19.418074 [debug] [MainThread]: Command `dbt init` succeeded at 18:21:19.418074 after 234.22 seconds
[0m18:21:19.419071 [debug] [MainThread]: Sending event: {'category': 'dbt', 'action': 'invocation', 'label': 'end', 'context': [<snowplow_tracker.self_describing_json.SelfDescribingJson object at 0x0000022F4C23AED0>, <snowplow_tracker.self_describing_json.SelfDescribingJson object at 0x0000022F43E80250>, <snowplow_tracker.self_describing_json.SelfDescribingJson object at 0x0000022F43EF28D0>]}
[0m18:21:19.419071 [debug] [MainThread]: Flushing usage events
[0m18:21:20.930463 [debug] [MainThread]: An error was encountered while trying to flush usage events
